<?xml version="1.0" encoding="UTF-8"?>
<!-- Generated by org.testng.reporters.JUnitReportReporter -->
<testsuite hostname="DESKTOP-1SHR7QF" failures="0" tests="1" name="demo_testngpack.fblogin" time="2.352" errors="0" timestamp="2024-08-26T10:33:22 IST" skipped="0">
  <testcase classname="demo_testngpack.fblogin" name="f" time="2.352"/>
  <system-out/>
</testsuite> <!-- demo_testngpack.fblogin -->
